mode: set
github.com/nephio-project/nephio/krm-functions/helm-values-fn/fn/helm_values.go:44.78,45.20 1 1
github.com/nephio-project/nephio/krm-functions/helm-values-fn/fn/helm_values.go:46.16,48.17 2 1
github.com/nephio-project/nephio/krm-functions/helm-values-fn/fn/helm_values.go:48.17,50.4 1 1
github.com/nephio-project/nephio/krm-functions/helm-values-fn/fn/helm_values.go:51.3,53.17 3 1
github.com/nephio-project/nephio/krm-functions/helm-values-fn/fn/helm_values.go:53.17,55.4 1 1
github.com/nephio-project/nephio/krm-functions/helm-values-fn/fn/helm_values.go:56.3,56.33 1 1
github.com/nephio-project/nephio/krm-functions/helm-values-fn/fn/helm_values.go:57.10,58.32 1 1
github.com/nephio-project/nephio/krm-functions/helm-values-fn/fn/helm_values.go:61.2,61.12 1 1
github.com/nephio-project/nephio/krm-functions/helm-values-fn/fn/helm_values.go:64.40,65.32 1 1
github.com/nephio-project/nephio/krm-functions/helm-values-fn/fn/helm_values.go:65.32,66.22 1 1
github.com/nephio-project/nephio/krm-functions/helm-values-fn/fn/helm_values.go:66.22,68.4 1 1
github.com/nephio-project/nephio/krm-functions/helm-values-fn/fn/helm_values.go:70.2,70.12 1 1
github.com/nephio-project/nephio/krm-functions/helm-values-fn/fn/helm_values.go:73.49,77.16 3 1
github.com/nephio-project/nephio/krm-functions/helm-values-fn/fn/helm_values.go:77.16,79.3 1 0
github.com/nephio-project/nephio/krm-functions/helm-values-fn/fn/helm_values.go:81.2,82.16 2 1
github.com/nephio-project/nephio/krm-functions/helm-values-fn/fn/helm_values.go:82.16,84.3 1 1
github.com/nephio-project/nephio/krm-functions/helm-values-fn/fn/helm_values.go:86.2,87.16 2 1
github.com/nephio-project/nephio/krm-functions/helm-values-fn/fn/helm_values.go:87.16,89.3 1 1
github.com/nephio-project/nephio/krm-functions/helm-values-fn/fn/helm_values.go:91.2,93.16 3 1
github.com/nephio-project/nephio/krm-functions/helm-values-fn/fn/helm_values.go:93.16,95.3 1 0
github.com/nephio-project/nephio/krm-functions/helm-values-fn/fn/helm_values.go:96.2,97.16 2 1
github.com/nephio-project/nephio/krm-functions/helm-values-fn/fn/helm_values.go:97.16,99.3 1 0
github.com/nephio-project/nephio/krm-functions/helm-values-fn/fn/helm_values.go:100.2,101.16 2 1
github.com/nephio-project/nephio/krm-functions/helm-values-fn/fn/helm_values.go:101.16,103.3 1 0
github.com/nephio-project/nephio/krm-functions/helm-values-fn/fn/helm_values.go:104.2,105.16 2 1
github.com/nephio-project/nephio/krm-functions/helm-values-fn/fn/helm_values.go:105.16,107.3 1 0
github.com/nephio-project/nephio/krm-functions/helm-values-fn/fn/helm_values.go:108.2,109.16 2 1
github.com/nephio-project/nephio/krm-functions/helm-values-fn/fn/helm_values.go:109.16,111.3 1 0
github.com/nephio-project/nephio/krm-functions/helm-values-fn/fn/helm_values.go:113.2,114.16 2 1
github.com/nephio-project/nephio/krm-functions/helm-values-fn/fn/helm_values.go:114.16,116.3 1 0
github.com/nephio-project/nephio/krm-functions/helm-values-fn/fn/helm_values.go:118.2,119.32 2 1
github.com/nephio-project/nephio/krm-functions/helm-values-fn/fn/helm_values.go:119.32,121.17 2 1
github.com/nephio-project/nephio/krm-functions/helm-values-fn/fn/helm_values.go:121.17,123.4 1 1
github.com/nephio-project/nephio/krm-functions/helm-values-fn/fn/helm_values.go:125.2,125.19 1 1
github.com/nephio-project/nephio/krm-functions/helm-values-fn/fn/helm_values.go:125.19,127.17 2 1
github.com/nephio-project/nephio/krm-functions/helm-values-fn/fn/helm_values.go:127.17,129.4 1 0
github.com/nephio-project/nephio/krm-functions/helm-values-fn/fn/helm_values.go:131.2,132.16 2 1
github.com/nephio-project/nephio/krm-functions/helm-values-fn/fn/helm_values.go:132.16,134.3 1 0
github.com/nephio-project/nephio/krm-functions/helm-values-fn/fn/helm_values.go:136.2,136.18 1 1
